<?xml version="1.0" encoding="UTF-8"?>
<!-- Generated by org.testng.reporters.JUnitXMLReporter -->
<testsuite hostname="DESKTOP-BMA1ARG" ignored="0" name="Default test" tests="3" failures="0" timestamp="2020-06-24T18:10:30 IST" time="81.527" errors="0">
  <testcase name="contactForm" time="10.229" classname="com.clearcode.testsuite.TestSuite1"/>
  <testcase name="contactForm" time="10.783" classname="com.clearcode.testsuite.TestSuite1"/>
  <testcase name="contactForm" time="10.722" classname="com.clearcode.testsuite.TestSuite1"/>
</testsuite> <!-- Default test -->
