<?xml version="1.0" encoding="UTF-8"?>
<!-- Generated by org.testng.reporters.JUnitXMLReporter -->
<testsuite hostname="DESKTOP-BMA1ARG" ignored="0" name="Default test" tests="6" failures="0" timestamp="2020-06-28T13:49:36 IST" time="87.711" errors="0">
  <testcase name="contactForm" time="8.84" classname="com.clearcode.testsuite.TestSuite1"/>
  <testcase name="contactForm" time="8.209" classname="com.clearcode.testsuite.TestSuite1"/>
  <testcase name="contactForm" time="7.959" classname="com.clearcode.testsuite.TestSuite1"/>
  <testcase name="contactForm1" time="8.211" classname="com.clearcode.testsuite.TestSuite1"/>
  <testcase name="contactForm1" time="8.398" classname="com.clearcode.testsuite.TestSuite1"/>
  <testcase name="contactForm1" time="8.874" classname="com.clearcode.testsuite.TestSuite1"/>
</testsuite> <!-- Default test -->
