<?xml version="1.0" encoding="UTF-8"?>
<testng-results skipped="0" failed="0" ignored="1" total="4" passed="3">
  <reporter-output>
    <line>
      <![CDATA[STEP1]]>
    </line>
    <line>
      <![CDATA[STEP2]]>
    </line>
    <line>
      <![CDATA[STEP3]]>
    </line>
    <line>
      <![CDATA[STEP4]]>
    </line>
    <line>
      <![CDATA[STEP5]]>
    </line>
    <line>
      <![CDATA[STEP6]]>
    </line>
    <line>
      <![CDATA[STEP7]]>
    </line>
    <line>
      <![CDATA[STEP8]]>
    </line>
    <line>
      <![CDATA[STEP9]]>
    </line>
    <line>
      <![CDATA[STEP10]]>
    </line>
    <line>
      <![CDATA[STEP11]]>
    </line>
    <line>
      <![CDATA[STEP12]]>
    </line>
    <line>
      <![CDATA[STEP13]]>
    </line>
    <line>
      <![CDATA[STEP14]]>
    </line>
    <line>
      <![CDATA[STEP15]]>
    </line>
    <line>
      <![CDATA[STEP16]]>
    </line>
    <line>
      <![CDATA[STEP17]]>
    </line>
    <line>
      <![CDATA[STEP18]]>
    </line>
    <line>
      <![CDATA[STEP19]]>
    </line>
    <line>
      <![CDATA[STEP20]]>
    </line>
    <line>
      <![CDATA[STEP21]]>
    </line>
    <line>
      <![CDATA[STEP22]]>
    </line>
    <line>
      <![CDATA[STEP23]]>
    </line>
    <line>
      <![CDATA[STEP24]]>
    </line>
    <line>
      <![CDATA[STEP25]]>
    </line>
    <line>
      <![CDATA[STEP26]]>
    </line>
    <line>
      <![CDATA[STEP27]]>
    </line>
    <line>
      <![CDATA[STEP28]]>
    </line>
    <line>
      <![CDATA[STEP29]]>
    </line>
    <line>
      <![CDATA[STEP30]]>
    </line>
    <line>
      <![CDATA[STEP31]]>
    </line>
  </reporter-output>
  <suite name="Default suite" duration-ms="63880" started-at="2020-06-25T21:17:28 IST" finished-at="2020-06-25T21:18:32 IST">
    <groups>
    </groups>
    <test name="Default test" duration-ms="63880" started-at="2020-06-25T21:17:28 IST" finished-at="2020-06-25T21:18:32 IST">
      <class name="com.clearcode.testsuite.TestSuite1">
        <test-method status="PASS" signature="launch()[pri:0, instance:com.clearcode.testsuite.TestSuite1@2d6eabae]" name="launch" is-config="true" duration-ms="8431" started-at="2020-06-25T21:17:28 IST" finished-at="2020-06-25T21:17:36 IST">
          <reporter-output>
            <line>
              <![CDATA[STEP1]]>
            </line>
          </reporter-output>
        </test-method> <!-- launch -->
        <test-method status="PASS" signature="loadUrl()[pri:0, instance:com.clearcode.testsuite.TestSuite1@2d6eabae]" name="loadUrl" is-config="true" duration-ms="19279" started-at="2020-06-25T21:17:37 IST" finished-at="2020-06-25T21:17:56 IST">
          <reporter-output>
            <line>
              <![CDATA[STEP2]]>
            </line>
            <line>
              <![CDATA[STEP3]]>
            </line>
          </reporter-output>
        </test-method> <!-- loadUrl -->
        <test-method status="PASS" signature="contactForm1(java.lang.String, java.lang.String, java.lang.String, java.lang.String)[pri:2, instance:com.clearcode.testsuite.TestSuite1@2d6eabae]" name="contactForm1" duration-ms="9742" started-at="2020-06-25T21:17:56 IST" data-provider="contactForm1" finished-at="2020-06-25T21:18:06 IST">
          <params>
            <param index="0">
              <value>
                <![CDATA[manzoor mehadi]]>
              </value>
            </param>
            <param index="1">
              <value>
                <![CDATA[manzoor]]>
              </value>
            </param>
            <param index="2">
              <value>
                <![CDATA[apartments]]>
              </value>
            </param>
            <param index="3">
              <value>
                <![CDATA[looking for an apartments]]>
              </value>
            </param>
          </params>
          <reporter-output>
            <line>
              <![CDATA[STEP4]]>
            </line>
            <line>
              <![CDATA[STEP5]]>
            </line>
            <line>
              <![CDATA[STEP6]]>
            </line>
            <line>
              <![CDATA[STEP7]]>
            </line>
            <line>
              <![CDATA[STEP8]]>
            </line>
            <line>
              <![CDATA[STEP9]]>
            </line>
            <line>
              <![CDATA[STEP10]]>
            </line>
            <line>
              <![CDATA[STEP11]]>
            </line>
          </reporter-output>
        </test-method> <!-- contactForm1 -->
        <test-method status="PASS" signature="loadUrl()[pri:0, instance:com.clearcode.testsuite.TestSuite1@2d6eabae]" name="loadUrl" is-config="true" duration-ms="2677" started-at="2020-06-25T21:18:06 IST" finished-at="2020-06-25T21:18:08 IST">
          <reporter-output>
            <line>
              <![CDATA[STEP12]]>
            </line>
            <line>
              <![CDATA[STEP13]]>
            </line>
          </reporter-output>
        </test-method> <!-- loadUrl -->
        <test-method status="PASS" signature="contactForm1(java.lang.String, java.lang.String, java.lang.String, java.lang.String)[pri:2, instance:com.clearcode.testsuite.TestSuite1@2d6eabae]" name="contactForm1" duration-ms="10132" started-at="2020-06-25T21:18:08 IST" data-provider="contactForm1" finished-at="2020-06-25T21:18:18 IST">
          <params>
            <param index="0">
              <value>
                <![CDATA[alex hales]]>
              </value>
            </param>
            <param index="1">
              <value>
                <![CDATA[alex1]]>
              </value>
            </param>
            <param index="2">
              <value>
                <![CDATA[Plots]]>
              </value>
            </param>
            <param index="3">
              <value>
                <![CDATA[looking for an plots]]>
              </value>
            </param>
          </params>
          <reporter-output>
            <line>
              <![CDATA[STEP14]]>
            </line>
            <line>
              <![CDATA[STEP15]]>
            </line>
            <line>
              <![CDATA[STEP16]]>
            </line>
            <line>
              <![CDATA[STEP17]]>
            </line>
            <line>
              <![CDATA[STEP18]]>
            </line>
            <line>
              <![CDATA[STEP19]]>
            </line>
            <line>
              <![CDATA[STEP20]]>
            </line>
            <line>
              <![CDATA[STEP21]]>
            </line>
          </reporter-output>
        </test-method> <!-- contactForm1 -->
        <test-method status="PASS" signature="loadUrl()[pri:0, instance:com.clearcode.testsuite.TestSuite1@2d6eabae]" name="loadUrl" is-config="true" duration-ms="2882" started-at="2020-06-25T21:18:18 IST" finished-at="2020-06-25T21:18:21 IST">
          <reporter-output>
            <line>
              <![CDATA[STEP22]]>
            </line>
            <line>
              <![CDATA[STEP23]]>
            </line>
          </reporter-output>
        </test-method> <!-- loadUrl -->
        <test-method status="PASS" signature="contactForm1(java.lang.String, java.lang.String, java.lang.String, java.lang.String)[pri:2, instance:com.clearcode.testsuite.TestSuite1@2d6eabae]" name="contactForm1" duration-ms="10199" started-at="2020-06-25T21:18:21 IST" data-provider="contactForm1" finished-at="2020-06-25T21:18:32 IST">
          <params>
            <param index="0">
              <value>
                <![CDATA[mariya]]>
              </value>
            </param>
            <param index="1">
              <value>
                <![CDATA[mariya1]]>
              </value>
            </param>
            <param index="2">
              <value>
                <![CDATA[Vilas]]>
              </value>
            </param>
            <param index="3">
              <value>
                <![CDATA[looking for an vila]]>
              </value>
            </param>
          </params>
          <reporter-output>
            <line>
              <![CDATA[STEP24]]>
            </line>
            <line>
              <![CDATA[STEP25]]>
            </line>
            <line>
              <![CDATA[STEP26]]>
            </line>
            <line>
              <![CDATA[STEP27]]>
            </line>
            <line>
              <![CDATA[STEP28]]>
            </line>
            <line>
              <![CDATA[STEP29]]>
            </line>
            <line>
              <![CDATA[STEP30]]>
            </line>
            <line>
              <![CDATA[STEP31]]>
            </line>
          </reporter-output>
        </test-method> <!-- contactForm1 -->
        <test-method status="PASS" signature="close()[pri:0, instance:com.clearcode.testsuite.TestSuite1@2d6eabae]" name="close" is-config="true" duration-ms="2" started-at="2020-06-25T21:18:32 IST" finished-at="2020-06-25T21:18:32 IST">
          <reporter-output>
          </reporter-output>
        </test-method> <!-- close -->
      </class> <!-- com.clearcode.testsuite.TestSuite1 -->
    </test> <!-- Default test -->
  </suite> <!-- Default suite -->
</testng-results>
