<?xml version="1.0" encoding="UTF-8"?>
<testng-results skipped="0" failed="3" ignored="0" total="3" passed="0">
  <reporter-output>
    <line>
      <![CDATA[STEP1]]>
    </line>
    <line>
      <![CDATA[STEP2]]>
    </line>
    <line>
      <![CDATA[STEP3]]>
    </line>
    <line>
      <![CDATA[STEP4]]>
    </line>
    <line>
      <![CDATA[STEP5]]>
    </line>
    <line>
      <![CDATA[STEP6]]>
    </line>
    <line>
      <![CDATA[STEP7]]>
    </line>
    <line>
      <![CDATA[STEP8]]>
    </line>
    <line>
      <![CDATA[STEP9]]>
    </line>
    <line>
      <![CDATA[STEP10]]>
    </line>
    <line>
      <![CDATA[STEP11]]>
    </line>
    <line>
      <![CDATA[STEP12]]>
    </line>
    <line>
      <![CDATA[STEP13]]>
    </line>
    <line>
      <![CDATA[STEP14]]>
    </line>
    <line>
      <![CDATA[STEP15]]>
    </line>
    <line>
      <![CDATA[STEP16]]>
    </line>
    <line>
      <![CDATA[STEP17]]>
    </line>
    <line>
      <![CDATA[STEP18]]>
    </line>
    <line>
      <![CDATA[STEP19]]>
    </line>
    <line>
      <![CDATA[STEP20]]>
    </line>
    <line>
      <![CDATA[STEP21]]>
    </line>
    <line>
      <![CDATA[STEP22]]>
    </line>
    <line>
      <![CDATA[STEP23]]>
    </line>
    <line>
      <![CDATA[STEP24]]>
    </line>
    <line>
      <![CDATA[STEP25]]>
    </line>
    <line>
      <![CDATA[STEP26]]>
    </line>
    <line>
      <![CDATA[STEP27]]>
    </line>
    <line>
      <![CDATA[STEP28]]>
    </line>
    <line>
      <![CDATA[STEP29]]>
    </line>
    <line>
      <![CDATA[STEP30]]>
    </line>
    <line>
      <![CDATA[STEP31]]>
    </line>
  </reporter-output>
  <suite name="Default suite" duration-ms="350211" started-at="2020-06-18T17:32:31 IST" finished-at="2020-06-18T17:38:21 IST">
    <groups>
    </groups>
    <test name="Default test" duration-ms="350211" started-at="2020-06-18T17:32:31 IST" finished-at="2020-06-18T17:38:21 IST">
      <class name="com.clearcode.testsuite.TestSuite1">
        <test-method status="PASS" signature="launch()[pri:0, instance:com.clearcode.testsuite.TestSuite1@2d6eabae]" name="launch" is-config="true" duration-ms="6441" started-at="2020-06-18T17:32:31 IST" finished-at="2020-06-18T17:32:38 IST">
          <reporter-output>
            <line>
              <![CDATA[STEP1]]>
            </line>
          </reporter-output>
        </test-method> <!-- launch -->
        <test-method status="PASS" signature="loadUrl()[pri:0, instance:com.clearcode.testsuite.TestSuite1@2d6eabae]" name="loadUrl" is-config="true" duration-ms="39848" started-at="2020-06-18T17:32:38 IST" finished-at="2020-06-18T17:33:18 IST">
          <reporter-output>
            <line>
              <![CDATA[STEP2]]>
            </line>
            <line>
              <![CDATA[STEP3]]>
            </line>
          </reporter-output>
        </test-method> <!-- loadUrl -->
        <test-method status="FAIL" signature="contactForm(java.lang.String, java.lang.String, java.lang.String, java.lang.String)[pri:1, instance:com.clearcode.testsuite.TestSuite1@2d6eabae]" name="contactForm" duration-ms="99381" started-at="2020-06-18T17:33:18 IST" data-provider="contactForm" finished-at="2020-06-18T17:34:57 IST">
          <params>
            <param index="0">
              <value>
                <![CDATA[manzoor mehadi]]>
              </value>
            </param>
            <param index="1">
              <value>
                <![CDATA[manzoor@gmail.com]]>
              </value>
            </param>
            <param index="2">
              <value>
                <![CDATA[apartments]]>
              </value>
            </param>
            <param index="3">
              <value>
                <![CDATA[looking for an apartments]]>
              </value>
            </param>
          </params>
          <exception class="atu.testng.reports.exceptions.ATUReporterStepFailedException">
            <full-stacktrace>
              <![CDATA[[ATU Custom Reporter Step Failed Exception]
at atu.testng.reports.ATUReports.stepFailureHandler(Unknown Source)
at atu.testng.reports.ATUReports.add(Unknown Source)
at com.clearcode.utils.WebDriverUtils.find(WebDriverUtils.java:231)
at com.clearcode.utils.WebDriverUtils.assertText(WebDriverUtils.java:164)
at com.clearcode.testsuite.TestSuite1.contactForm(TestSuite1.java:38)
at sun.reflect.NativeMethodAccessorImpl.invoke0(Native Method)
at sun.reflect.NativeMethodAccessorImpl.invoke(Unknown Source)
at sun.reflect.DelegatingMethodAccessorImpl.invoke(Unknown Source)
at java.lang.reflect.Method.invoke(Unknown Source)
at org.testng.internal.MethodInvocationHelper.invokeMethod(MethodInvocationHelper.java:133)
at org.testng.internal.TestInvoker.invokeMethod(TestInvoker.java:584)
at org.testng.internal.TestInvoker.invokeTestMethod(TestInvoker.java:172)
at org.testng.internal.MethodRunner.runInSequence(MethodRunner.java:46)
at org.testng.internal.TestInvoker$MethodInvocationAgent.invoke(TestInvoker.java:804)
at org.testng.internal.TestInvoker.invokeTestMethods(TestInvoker.java:145)
at org.testng.internal.TestMethodWorker.invokeTestMethods(TestMethodWorker.java:146)
at org.testng.internal.TestMethodWorker.run(TestMethodWorker.java:128)
at java.util.ArrayList.forEach(Unknown Source)
at org.testng.TestRunner.privateRun(TestRunner.java:770)
at org.testng.TestRunner.run(TestRunner.java:591)
at org.testng.SuiteRunner.runTest(SuiteRunner.java:402)
at org.testng.SuiteRunner.runSequentially(SuiteRunner.java:396)
at org.testng.SuiteRunner.privateRun(SuiteRunner.java:355)
at org.testng.SuiteRunner.run(SuiteRunner.java:304)
at org.testng.SuiteRunnerWorker.runSuite(SuiteRunnerWorker.java:53)
at org.testng.SuiteRunnerWorker.run(SuiteRunnerWorker.java:96)
at org.testng.TestNG.runSuitesSequentially(TestNG.java:1180)
at org.testng.TestNG.runSuitesLocally(TestNG.java:1102)
at org.testng.TestNG.runSuites(TestNG.java:1032)
at org.testng.TestNG.run(TestNG.java:1000)
at org.testng.remote.AbstractRemoteTestNG.run(AbstractRemoteTestNG.java:115)
at org.testng.remote.RemoteTestNG.initAndRun(RemoteTestNG.java:251)
at org.testng.remote.RemoteTestNG.main(RemoteTestNG.java:77)
]]>
            </full-stacktrace>
          </exception> <!-- atu.testng.reports.exceptions.ATUReporterStepFailedException -->
          <reporter-output>
            <line>
              <![CDATA[STEP4]]>
            </line>
            <line>
              <![CDATA[STEP5]]>
            </line>
            <line>
              <![CDATA[STEP6]]>
            </line>
            <line>
              <![CDATA[STEP7]]>
            </line>
            <line>
              <![CDATA[STEP8]]>
            </line>
            <line>
              <![CDATA[STEP9]]>
            </line>
            <line>
              <![CDATA[STEP10]]>
            </line>
            <line>
              <![CDATA[STEP11]]>
            </line>
          </reporter-output>
        </test-method> <!-- contactForm -->
        <test-method status="PASS" signature="loadUrl()[pri:0, instance:com.clearcode.testsuite.TestSuite1@2d6eabae]" name="loadUrl" is-config="true" duration-ms="3537" started-at="2020-06-18T17:34:57 IST" finished-at="2020-06-18T17:35:01 IST">
          <reporter-output>
            <line>
              <![CDATA[STEP12]]>
            </line>
            <line>
              <![CDATA[STEP13]]>
            </line>
          </reporter-output>
        </test-method> <!-- loadUrl -->
        <test-method status="FAIL" signature="contactForm(java.lang.String, java.lang.String, java.lang.String, java.lang.String)[pri:1, instance:com.clearcode.testsuite.TestSuite1@2d6eabae]" name="contactForm" duration-ms="98855" started-at="2020-06-18T17:35:01 IST" data-provider="contactForm" finished-at="2020-06-18T17:36:39 IST">
          <params>
            <param index="0">
              <value>
                <![CDATA[alex hales]]>
              </value>
            </param>
            <param index="1">
              <value>
                <![CDATA[alex1@gmail.com]]>
              </value>
            </param>
            <param index="2">
              <value>
                <![CDATA[Plots]]>
              </value>
            </param>
            <param index="3">
              <value>
                <![CDATA[looking for an plots]]>
              </value>
            </param>
          </params>
          <exception class="atu.testng.reports.exceptions.ATUReporterStepFailedException">
            <full-stacktrace>
              <![CDATA[[ATU Custom Reporter Step Failed Exception]
at atu.testng.reports.ATUReports.stepFailureHandler(Unknown Source)
at atu.testng.reports.ATUReports.add(Unknown Source)
at com.clearcode.utils.WebDriverUtils.find(WebDriverUtils.java:231)
at com.clearcode.utils.WebDriverUtils.assertText(WebDriverUtils.java:164)
at com.clearcode.testsuite.TestSuite1.contactForm(TestSuite1.java:38)
at sun.reflect.NativeMethodAccessorImpl.invoke0(Native Method)
at sun.reflect.NativeMethodAccessorImpl.invoke(Unknown Source)
at sun.reflect.DelegatingMethodAccessorImpl.invoke(Unknown Source)
at java.lang.reflect.Method.invoke(Unknown Source)
at org.testng.internal.MethodInvocationHelper.invokeMethod(MethodInvocationHelper.java:133)
at org.testng.internal.TestInvoker.invokeMethod(TestInvoker.java:584)
at org.testng.internal.TestInvoker.invokeTestMethod(TestInvoker.java:172)
at org.testng.internal.MethodRunner.runInSequence(MethodRunner.java:46)
at org.testng.internal.TestInvoker$MethodInvocationAgent.invoke(TestInvoker.java:804)
at org.testng.internal.TestInvoker.invokeTestMethods(TestInvoker.java:145)
at org.testng.internal.TestMethodWorker.invokeTestMethods(TestMethodWorker.java:146)
at org.testng.internal.TestMethodWorker.run(TestMethodWorker.java:128)
at java.util.ArrayList.forEach(Unknown Source)
at org.testng.TestRunner.privateRun(TestRunner.java:770)
at org.testng.TestRunner.run(TestRunner.java:591)
at org.testng.SuiteRunner.runTest(SuiteRunner.java:402)
at org.testng.SuiteRunner.runSequentially(SuiteRunner.java:396)
at org.testng.SuiteRunner.privateRun(SuiteRunner.java:355)
at org.testng.SuiteRunner.run(SuiteRunner.java:304)
at org.testng.SuiteRunnerWorker.runSuite(SuiteRunnerWorker.java:53)
at org.testng.SuiteRunnerWorker.run(SuiteRunnerWorker.java:96)
at org.testng.TestNG.runSuitesSequentially(TestNG.java:1180)
at org.testng.TestNG.runSuitesLocally(TestNG.java:1102)
at org.testng.TestNG.runSuites(TestNG.java:1032)
at org.testng.TestNG.run(TestNG.java:1000)
at org.testng.remote.AbstractRemoteTestNG.run(AbstractRemoteTestNG.java:115)
at org.testng.remote.RemoteTestNG.initAndRun(RemoteTestNG.java:251)
at org.testng.remote.RemoteTestNG.main(RemoteTestNG.java:77)
]]>
            </full-stacktrace>
          </exception> <!-- atu.testng.reports.exceptions.ATUReporterStepFailedException -->
          <reporter-output>
            <line>
              <![CDATA[STEP14]]>
            </line>
            <line>
              <![CDATA[STEP15]]>
            </line>
            <line>
              <![CDATA[STEP16]]>
            </line>
            <line>
              <![CDATA[STEP17]]>
            </line>
            <line>
              <![CDATA[STEP18]]>
            </line>
            <line>
              <![CDATA[STEP19]]>
            </line>
            <line>
              <![CDATA[STEP20]]>
            </line>
            <line>
              <![CDATA[STEP21]]>
            </line>
          </reporter-output>
        </test-method> <!-- contactForm -->
        <test-method status="PASS" signature="loadUrl()[pri:0, instance:com.clearcode.testsuite.TestSuite1@2d6eabae]" name="loadUrl" is-config="true" duration-ms="3703" started-at="2020-06-18T17:36:39 IST" finished-at="2020-06-18T17:36:43 IST">
          <reporter-output>
            <line>
              <![CDATA[STEP22]]>
            </line>
            <line>
              <![CDATA[STEP23]]>
            </line>
          </reporter-output>
        </test-method> <!-- loadUrl -->
        <test-method status="FAIL" signature="contactForm(java.lang.String, java.lang.String, java.lang.String, java.lang.String)[pri:1, instance:com.clearcode.testsuite.TestSuite1@2d6eabae]" name="contactForm" duration-ms="98195" started-at="2020-06-18T17:36:43 IST" data-provider="contactForm" finished-at="2020-06-18T17:38:21 IST">
          <params>
            <param index="0">
              <value>
                <![CDATA[mariya]]>
              </value>
            </param>
            <param index="1">
              <value>
                <![CDATA[mariya1@gmail.com]]>
              </value>
            </param>
            <param index="2">
              <value>
                <![CDATA[Vilas]]>
              </value>
            </param>
            <param index="3">
              <value>
                <![CDATA[looking for an vila]]>
              </value>
            </param>
          </params>
          <exception class="atu.testng.reports.exceptions.ATUReporterStepFailedException">
            <full-stacktrace>
              <![CDATA[[ATU Custom Reporter Step Failed Exception]
at atu.testng.reports.ATUReports.stepFailureHandler(Unknown Source)
at atu.testng.reports.ATUReports.add(Unknown Source)
at com.clearcode.utils.WebDriverUtils.find(WebDriverUtils.java:231)
at com.clearcode.utils.WebDriverUtils.assertText(WebDriverUtils.java:164)
at com.clearcode.testsuite.TestSuite1.contactForm(TestSuite1.java:38)
at sun.reflect.NativeMethodAccessorImpl.invoke0(Native Method)
at sun.reflect.NativeMethodAccessorImpl.invoke(Unknown Source)
at sun.reflect.DelegatingMethodAccessorImpl.invoke(Unknown Source)
at java.lang.reflect.Method.invoke(Unknown Source)
at org.testng.internal.MethodInvocationHelper.invokeMethod(MethodInvocationHelper.java:133)
at org.testng.internal.TestInvoker.invokeMethod(TestInvoker.java:584)
at org.testng.internal.TestInvoker.invokeTestMethod(TestInvoker.java:172)
at org.testng.internal.MethodRunner.runInSequence(MethodRunner.java:46)
at org.testng.internal.TestInvoker$MethodInvocationAgent.invoke(TestInvoker.java:804)
at org.testng.internal.TestInvoker.invokeTestMethods(TestInvoker.java:145)
at org.testng.internal.TestMethodWorker.invokeTestMethods(TestMethodWorker.java:146)
at org.testng.internal.TestMethodWorker.run(TestMethodWorker.java:128)
at java.util.ArrayList.forEach(Unknown Source)
at org.testng.TestRunner.privateRun(TestRunner.java:770)
at org.testng.TestRunner.run(TestRunner.java:591)
at org.testng.SuiteRunner.runTest(SuiteRunner.java:402)
at org.testng.SuiteRunner.runSequentially(SuiteRunner.java:396)
at org.testng.SuiteRunner.privateRun(SuiteRunner.java:355)
at org.testng.SuiteRunner.run(SuiteRunner.java:304)
at org.testng.SuiteRunnerWorker.runSuite(SuiteRunnerWorker.java:53)
at org.testng.SuiteRunnerWorker.run(SuiteRunnerWorker.java:96)
at org.testng.TestNG.runSuitesSequentially(TestNG.java:1180)
at org.testng.TestNG.runSuitesLocally(TestNG.java:1102)
at org.testng.TestNG.runSuites(TestNG.java:1032)
at org.testng.TestNG.run(TestNG.java:1000)
at org.testng.remote.AbstractRemoteTestNG.run(AbstractRemoteTestNG.java:115)
at org.testng.remote.RemoteTestNG.initAndRun(RemoteTestNG.java:251)
at org.testng.remote.RemoteTestNG.main(RemoteTestNG.java:77)
]]>
            </full-stacktrace>
          </exception> <!-- atu.testng.reports.exceptions.ATUReporterStepFailedException -->
          <reporter-output>
            <line>
              <![CDATA[STEP24]]>
            </line>
            <line>
              <![CDATA[STEP25]]>
            </line>
            <line>
              <![CDATA[STEP26]]>
            </line>
            <line>
              <![CDATA[STEP27]]>
            </line>
            <line>
              <![CDATA[STEP28]]>
            </line>
            <line>
              <![CDATA[STEP29]]>
            </line>
            <line>
              <![CDATA[STEP30]]>
            </line>
            <line>
              <![CDATA[STEP31]]>
            </line>
          </reporter-output>
        </test-method> <!-- contactForm -->
        <test-method status="PASS" signature="close()[pri:0, instance:com.clearcode.testsuite.TestSuite1@2d6eabae]" name="close" is-config="true" duration-ms="1" started-at="2020-06-18T17:38:21 IST" finished-at="2020-06-18T17:38:21 IST">
          <reporter-output>
          </reporter-output>
        </test-method> <!-- close -->
      </class> <!-- com.clearcode.testsuite.TestSuite1 -->
    </test> <!-- Default test -->
  </suite> <!-- Default suite -->
</testng-results>
